<?xml version="1.0" encoding="UTF-8"?>
<testng-results ignored="0" total="1" passed="1" failed="0" skipped="0">
  <reporter-output>
  </reporter-output>
  <suite started-at="2023-02-14T15:50:07 IST" name="Default suite" finished-at="2023-02-14T15:50:12 IST" duration-ms="5241">
    <groups>
    </groups>
    <test started-at="2023-02-14T15:50:07 IST" name="Default test" finished-at="2023-02-14T15:50:12 IST" duration-ms="5241">
      <class name="testcases.Test2">
        <test-method is-config="true" signature="before()[pri:0, instance:testcases.Test2@55183b20]" started-at="2023-02-14T15:50:07 IST" name="before" finished-at="2023-02-14T15:50:08 IST" duration-ms="400" status="PASS">
          <reporter-output>
          </reporter-output>
        </test-method> <!-- before -->
        <test-method signature="demo()[pri:0, instance:testcases.Test2@55183b20]" started-at="2023-02-14T15:50:08 IST" name="demo" finished-at="2023-02-14T15:50:12 IST" duration-ms="4808" status="PASS">
          <reporter-output>
          </reporter-output>
        </test-method> <!-- demo -->
      </class> <!-- testcases.Test2 -->
    </test> <!-- Default test -->
  </suite> <!-- Default suite -->
</testng-results>
